<?xml version="1.0" encoding="UTF-8"?>
<testsuite name="models.SquadTest" tests="7" skipped="0" failures="0" errors="0" timestamp="2022-02-03T21:56:50" hostname="edward-HP-EliteBook-725-G3" time="0.008">
  <properties/>
  <testcase name="SquadInstantiatesWithName_true" classname="models.SquadTest" time="0.003"/>
  <testcase name="NewSquadObjectGetsCorrectlyCreated_true" classname="models.SquadTest" time="0.002"/>
  <testcase name="findReturnsCorrectSquadWhenMoreThanOneSquadExists" classname="models.SquadTest" time="0.001"/>
  <testcase name="AllSquadAreCorrectlyReturned_true" classname="models.SquadTest" time="0.0"/>
  <testcase name="AllSquadsContainsAllSquads_true" classname="models.SquadTest" time="0.0"/>
  <testcase name="getId_squadInstantiateWithAnID_1" classname="models.SquadTest" time="0.001"/>
  <testcase name="SquadInstantiatesWithCause_true" classname="models.SquadTest" time="0.0"/>
  <system-out><![CDATA[]]></system-out>
  <system-err><![CDATA[]]></system-err>
</testsuite>
