<?xml version="1.0" encoding="UTF-8"?>
<testsuite name="models.HeroTest" tests="8" skipped="0" failures="0" errors="0" timestamp="2022-02-03T21:56:50" hostname="edward-HP-EliteBook-725-G3" time="0.029">
  <properties/>
  <testcase name="getId_heroInstantiateWithAnID_1" classname="models.HeroTest" time="0.007"/>
  <testcase name="HeroInstantiatesWithPowers_true" classname="models.HeroTest" time="0.0"/>
  <testcase name="HeroInstantiatesWithName_true" classname="models.HeroTest" time="0.001"/>
  <testcase name="AllHerosContainsAllHeros_true" classname="models.HeroTest" time="0.001"/>
  <testcase name="HeroInstantiatesWithWeakness_true" classname="models.HeroTest" time="0.001"/>
  <testcase name="findReturnsCorrectHeroWhenMoreThanOneHeroExists" classname="models.HeroTest" time="0.001"/>
  <testcase name="NewPostObjectGetsCorrectlyCreated_true" classname="models.HeroTest" time="0.001"/>
  <testcase name="AllHerosAreCorrectlyReturned_true" classname="models.HeroTest" time="0.016"/>
  <system-out><![CDATA[]]></system-out>
  <system-err><![CDATA[]]></system-err>
</testsuite>
